Error: Failed to initialize NVML
W1117 22:05:21.949102 1 metrics.cc:221] DCGM unable to start: DCGM initialization error
I1117 22:05:22.246064 1 libtorch.cc:1092] TRITONBACKEND_Initialize: pytorch
I1117 22:05:22.246092 1 libtorch.cc:1102] Triton TRITONBACKEND API version: 1.6
I1117 22:05:22.246097 1 libtorch.cc:1108] 'pytorch' TRITONBACKEND API version: 1.6
2021-11-17 22:05:22.518006: I tensorflow/stream_executor/platform/default/dso_loader.cc:49] Successfully opened dynamic library libcudart.so.11.0
I1117 22:05:22.565361 1 tensorflow.cc:2170] TRITONBACKEND_Initialize: tensorflow
I1117 22:05:22.565421 1 tensorflow.cc:2180] Triton TRITONBACKEND API version: 1.6
I1117 22:05:22.565437 1 tensorflow.cc:2186] 'tensorflow' TRITONBACKEND API version: 1.6
I1117 22:05:22.565450 1 tensorflow.cc:2210] backend configuration:
{}
I1117 22:05:22.567123 1 onnxruntime.cc:1999] TRITONBACKEND_Initialize: onnxruntime
I1117 22:05:22.567143 1 onnxruntime.cc:2009] Triton TRITONBACKEND API version: 1.6
I1117 22:05:22.567149 1 onnxruntime.cc:2015] 'onnxruntime' TRITONBACKEND API version: 1.6
I1117 22:05:22.584726 1 openvino.cc:1193] TRITONBACKEND_Initialize: openvino
I1117 22:05:22.584743 1 openvino.cc:1203] Triton TRITONBACKEND API version: 1.6
I1117 22:05:22.584748 1 openvino.cc:1209] 'openvino' TRITONBACKEND API version: 1.6
W1117 22:05:22.584877 1 pinned_memory_manager.cc:236] Unable to allocate pinned system memory, pinned memory pool will not be available: CUDA driver version is insufficient for CUDA runtime version
I1117 22:05:22.584899 1 cuda_memory_manager.cc:115] CUDA memory pool disabled
I1117 22:05:22.585623 1 model_repository_manager.cc:1022] loading: identity:1
I1117 22:05:22.687643 1 initialize.hpp:43] TRITONBACKEND_Initialize: rapids-identity
I1117 22:05:22.687659 1 backend.hpp:47] Triton TRITONBACKEND API version: 1.6
I1117 22:05:22.687666 1 backend.hpp:52] 'rapids-identity' TRITONBACKEND API version: 1.4
I1117 22:05:22.687759 1 model_initialize.hpp:37] TRITONBACKEND_ModelInitialize: identity (version 1)
I1117 22:05:22.688967 1 instance_initialize.hpp:46] TRITONBACKEND_ModelInstanceInitialize: identity_0 (CPU device 0)
I1117 22:05:22.689244 1 model_repository_manager.cc:1183] successfully loaded 'identity' version 1
I1117 22:05:22.689344 1 server.cc:522] 
+------------------+------+
| Repository Agent | Path |
+------------------+------+
+------------------+------+

I1117 22:05:22.689500 1 server.cc:549] 
+-----------------+-------------------------------------------------------------------------+--------+
| Backend         | Path                                                                    | Config |
+-----------------+-------------------------------------------------------------------------+--------+
| pytorch         | /opt/tritonserver/backends/pytorch/libtriton_pytorch.so                 | {}     |
| tensorflow      | /opt/tritonserver/backends/tensorflow1/libtriton_tensorflow1.so         | {}     |
| onnxruntime     | /opt/tritonserver/backends/onnxruntime/libtriton_onnxruntime.so         | {}     |
| openvino        | /opt/tritonserver/backends/openvino/libtriton_openvino.so               | {}     |
| rapids-identity | /opt/tritonserver/backends/rapids-identity/libtriton_rapids-identity.so | {}     |
+-----------------+-------------------------------------------------------------------------+--------+

I1117 22:05:22.689564 1 server.cc:592] 
+----------+---------+--------+
| Model    | Version | Status |
+----------+---------+--------+
| identity | 1       | READY  |
+----------+---------+--------+

I1117 22:05:22.689830 1 tritonserver.cc:1920] 
+----------------------------------+----------------------------------------------------------------------------------------------------------------------------------------------------------------------------------------+
| Option                           | Value                                                                                                                                                                                  |
+----------------------------------+----------------------------------------------------------------------------------------------------------------------------------------------------------------------------------------+
| server_id                        | triton                                                                                                                                                                                 |
| server_version                   | 2.15.0                                                                                                                                                                                 |
| server_extensions                | classification sequence model_repository model_repository(unload_dependents) schedule_policy model_configuration system_shared_memory cuda_shared_memory binary_tensor_data statistics |
| model_repository_path[0]         | /models                                                                                                                                                                                |
| model_control_mode               | MODE_NONE                                                                                                                                                                              |
| strict_model_config              | 1                                                                                                                                                                                      |
| rate_limit                       | OFF                                                                                                                                                                                    |
| pinned_memory_pool_byte_size     | 268435456                                                                                                                                                                              |
| response_cache_byte_size         | 0                                                                                                                                                                                      |
| min_supported_compute_capability | 6.0                                                                                                                                                                                    |
| strict_readiness                 | 1                                                                                                                                                                                      |
| exit_timeout                     | 30                                                                                                                                                                                     |
+----------------------------------+----------------------------------------------------------------------------------------------------------------------------------------------------------------------------------------+

I1117 22:05:22.691777 1 grpc_server.cc:4117] Started GRPCInferenceService at 0.0.0.0:8001
I1117 22:05:22.692280 1 http_server.cc:2815] Started HTTPService at 0.0.0.0:8000
I1117 22:05:22.734784 1 http_server.cc:167] Started Metrics Service at 0.0.0.0:8002
