I1117 22:20:26.459837 1 metrics.cc:298] Collecting metrics for GPU 0: Quadro RTX 8000
I1117 22:20:26.460015 1 metrics.cc:298] Collecting metrics for GPU 1: Quadro RTX 8000
I1117 22:20:26.748086 1 libtorch.cc:1092] TRITONBACKEND_Initialize: pytorch
I1117 22:20:26.748111 1 libtorch.cc:1102] Triton TRITONBACKEND API version: 1.6
I1117 22:20:26.748116 1 libtorch.cc:1108] 'pytorch' TRITONBACKEND API version: 1.6
2021-11-17 22:20:27.015263: I tensorflow/stream_executor/platform/default/dso_loader.cc:49] Successfully opened dynamic library libcudart.so.11.0
I1117 22:20:27.051650 1 tensorflow.cc:2170] TRITONBACKEND_Initialize: tensorflow
I1117 22:20:27.051697 1 tensorflow.cc:2180] Triton TRITONBACKEND API version: 1.6
I1117 22:20:27.051712 1 tensorflow.cc:2186] 'tensorflow' TRITONBACKEND API version: 1.6
I1117 22:20:27.051726 1 tensorflow.cc:2210] backend configuration:
{}
I1117 22:20:27.054447 1 onnxruntime.cc:1999] TRITONBACKEND_Initialize: onnxruntime
I1117 22:20:27.054481 1 onnxruntime.cc:2009] Triton TRITONBACKEND API version: 1.6
I1117 22:20:27.054492 1 onnxruntime.cc:2015] 'onnxruntime' TRITONBACKEND API version: 1.6
I1117 22:20:27.077779 1 openvino.cc:1193] TRITONBACKEND_Initialize: openvino
I1117 22:20:27.077797 1 openvino.cc:1203] Triton TRITONBACKEND API version: 1.6
I1117 22:20:27.077802 1 openvino.cc:1209] 'openvino' TRITONBACKEND API version: 1.6
I1117 22:20:27.221995 1 pinned_memory_manager.cc:240] Pinned memory pool is created at '0x7f138c000000' with size 268435456
I1117 22:20:27.222780 1 cuda_memory_manager.cc:105] CUDA memory pool is created on device 0 with size 67108864
I1117 22:20:27.222790 1 cuda_memory_manager.cc:105] CUDA memory pool is created on device 1 with size 67108864
I1117 22:20:27.301985 1 model_repository_manager.cc:1022] loading: identity:1
I1117 22:20:27.406019 1 initialize.hpp:43] TRITONBACKEND_Initialize: rapids-identity
I1117 22:20:27.406057 1 backend.hpp:47] Triton TRITONBACKEND API version: 1.6
I1117 22:20:27.406072 1 backend.hpp:52] 'rapids-identity' TRITONBACKEND API version: 1.4
I1117 22:20:27.417493 1 model_initialize.hpp:37] TRITONBACKEND_ModelInitialize: identity (version 1)
I1117 22:20:27.419533 1 instance_initialize.hpp:46] TRITONBACKEND_ModelInstanceInitialize: identity_0 (CPU device 0)
I1117 22:20:27.419880 1 model_repository_manager.cc:1183] successfully loaded 'identity' version 1
I1117 22:20:27.420013 1 server.cc:522] 
+------------------+------+
| Repository Agent | Path |
+------------------+------+
+------------------+------+

I1117 22:20:27.420150 1 server.cc:549] 
+-----------------+-------------------------------------------------------------------------+--------+
| Backend         | Path                                                                    | Config |
+-----------------+-------------------------------------------------------------------------+--------+
| pytorch         | /opt/tritonserver/backends/pytorch/libtriton_pytorch.so                 | {}     |
| tensorflow      | /opt/tritonserver/backends/tensorflow1/libtriton_tensorflow1.so         | {}     |
| onnxruntime     | /opt/tritonserver/backends/onnxruntime/libtriton_onnxruntime.so         | {}     |
| openvino        | /opt/tritonserver/backends/openvino/libtriton_openvino.so               | {}     |
| rapids-identity | /opt/tritonserver/backends/rapids-identity/libtriton_rapids-identity.so | {}     |
+-----------------+-------------------------------------------------------------------------+--------+

I1117 22:20:27.420209 1 server.cc:592] 
+----------+---------+--------+
| Model    | Version | Status |
+----------+---------+--------+
| identity | 1       | READY  |
+----------+---------+--------+

I1117 22:20:27.420458 1 tritonserver.cc:1920] 
+----------------------------------+----------------------------------------------------------------------------------------------------------------------------------------------------------------------------------------+
| Option                           | Value                                                                                                                                                                                  |
+----------------------------------+----------------------------------------------------------------------------------------------------------------------------------------------------------------------------------------+
| server_id                        | triton                                                                                                                                                                                 |
| server_version                   | 2.15.0                                                                                                                                                                                 |
| server_extensions                | classification sequence model_repository model_repository(unload_dependents) schedule_policy model_configuration system_shared_memory cuda_shared_memory binary_tensor_data statistics |
| model_repository_path[0]         | /models                                                                                                                                                                                |
| model_control_mode               | MODE_NONE                                                                                                                                                                              |
| strict_model_config              | 1                                                                                                                                                                                      |
| rate_limit                       | OFF                                                                                                                                                                                    |
| pinned_memory_pool_byte_size     | 268435456                                                                                                                                                                              |
| cuda_memory_pool_byte_size{0}    | 67108864                                                                                                                                                                               |
| cuda_memory_pool_byte_size{1}    | 67108864                                                                                                                                                                               |
| response_cache_byte_size         | 0                                                                                                                                                                                      |
| min_supported_compute_capability | 6.0                                                                                                                                                                                    |
| strict_readiness                 | 1                                                                                                                                                                                      |
| exit_timeout                     | 30                                                                                                                                                                                     |
+----------------------------------+----------------------------------------------------------------------------------------------------------------------------------------------------------------------------------------+

I1117 22:20:27.422263 1 grpc_server.cc:4117] Started GRPCInferenceService at 0.0.0.0:8001
I1117 22:20:27.422765 1 http_server.cc:2815] Started HTTPService at 0.0.0.0:8000
I1117 22:20:27.484088 1 http_server.cc:167] Started Metrics Service at 0.0.0.0:8002
